app/build/intermediates/manifest_merge_blame_file/debug/manifest-merger-blame-debug-report.txt
1<?xml version="1.0" encoding="utf-8"?>
2<manifest xmlns:android="http://schemas.android.com/apk/res/android"
3    package="com.pixels.gimnasio"
4    android:versionCode="1"
5    android:versionName="1.0" >
6
7    <uses-sdk
8        android:minSdkVersion="14"
8-->src\main\AndroidManifest.xml
9        android:targetSdkVersion="29" />
9-->src\main\AndroidManifest.xml
10
11    <application
11-->src\main\AndroidManifest.xml:5:5-31:19
12        android:allowBackup="true"
12-->src\main\AndroidManifest.xml:6:13-39
13        android:debuggable="true"
14        android:icon="@mipmap/mono"
14-->src\main\AndroidManifest.xml:7:13-40
15        android:label="@string/app_name"
15-->src\main\AndroidManifest.xml:8:13-45
16        android:resizeableActivity="true"
16-->src\main\AndroidManifest.xml:9:13-46
17        android:testOnly="true"
18        android:theme="@style/AppTheme" >
18-->src\main\AndroidManifest.xml:10:13-44
19        <activity
19-->src\main\AndroidManifest.xml:11:9-14:20
20            android:name="com.pixels.gimnasio.cargar"
20-->src\main\AndroidManifest.xml:11:19-41
21            android:supportsRtl="true"
21-->src\main\AndroidManifest.xml:12:4-30
22            android:theme="@style/AppTheme.NoActionBar" >
22-->src\main\AndroidManifest.xml:13:4-47
23        </activity>
24        <activity
24-->src\main\AndroidManifest.xml:15:9-20:20
25            android:name="com.pixels.gimnasio.MainActivity"
25-->src\main\AndroidManifest.xml:16:17-45
26            android:label="@string/app_name"
26-->src\main\AndroidManifest.xml:17:17-49
27            android:supportsRtl="true"
27-->src\main\AndroidManifest.xml:18:17-43
28            android:theme="@style/AppTheme.NoActionBar" >
28-->src\main\AndroidManifest.xml:19:17-60
29        </activity>
30        <activity
30-->src\main\AndroidManifest.xml:21:9-30:20
31            android:name="com.pixels.gimnasio.inicio"
31-->src\main\AndroidManifest.xml:22:17-39
32            android:supportsRtl="true"
32-->src\main\AndroidManifest.xml:23:17-43
33            android:theme="@style/AppTheme.NoActionBar" >
33-->src\main\AndroidManifest.xml:24:17-60
34            <intent-filter>
34-->src\main\AndroidManifest.xml:25:13-29:29
35                <action android:name="android.intent.action.MAIN" />
35-->src\main\AndroidManifest.xml:26:17-68
35-->src\main\AndroidManifest.xml:26:25-66
36
37                <category android:name="android.intent.category.LAUNCHER" />
37-->src\main\AndroidManifest.xml:28:17-76
37-->src\main\AndroidManifest.xml:28:27-74
38            </intent-filter>
39        </activity>
40    </application>
41
42</manifest>